2026-02-19 22:24:15  INFO      Log file: logs/gifdroid_20260219_222415.log
2026-02-19 22:24:15  INFO      GIFdroid started
2026-02-19 22:24:15  INFO        --video    : app_AdAway/app_AdAway.mp4
2026-02-19 22:24:15  INFO        --utg      : app_AdAway/utg.json
2026-02-19 22:24:15  INFO        --artifact : app_AdAway/artifacts/
2026-02-19 22:24:15  INFO        --out      : app_AdAway/execution.json
2026-02-19 22:24:15  INFO        --log-dir  : logs
2026-02-19 22:24:15  INFO      ==================================================
2026-02-19 22:24:15  INFO      STEP 1: Keyframe Location
2026-02-19 22:24:15  INFO        Input video : app_AdAway/app_AdAway.mp4
2026-02-19 22:25:31  INFO        Keyframes found   : 3
2026-02-19 22:25:31  INFO        Keyframe indices  : [11, 52, 771]
2026-02-19 22:25:31  INFO        Duration          : 75.43s
2026-02-19 22:25:31  INFO      ==================================================
2026-02-19 22:25:31  INFO      STEP 2: GUI Mapping
2026-02-19 22:25:31  INFO        Screenshots dir : app_AdAway/artifacts/
2026-02-19 22:25:37  INFO        Mapped index sequence : [9, 8, 12]
2026-02-19 22:25:37  INFO        Duration              : 6.73s
2026-02-19 22:25:37  INFO      ==================================================
2026-02-19 22:25:37  INFO      STEP 3: Find Execution Trace
2026-02-19 22:25:37  INFO        UTG file : app_AdAway/utg.json
2026-02-19 22:25:37  INFO        Candidate traces found : 1
2026-02-19 22:25:37  INFO          Trace 0: [0, 1, 4, 5, 6, 8, 9, 10, 12]
2026-02-19 22:25:37  INFO        Duration : 0.00s
2026-02-19 22:25:37  INFO      ==================================================
2026-02-19 22:25:37  INFO      STEP 4: Store Execution Trace
2026-02-19 22:25:37  INFO      Execution trace written to: app_AdAway/execution.json
2026-02-19 22:25:37  INFO        Duration : 0.00s
2026-02-19 22:25:37  INFO      ==================================================
2026-02-19 22:25:37  INFO      Pipeline complete.  Total time: 82.17s
2026-02-19 22:25:37  INFO      ==================================================
