2026-02-19 22:13:24  INFO      Log file: logs/gifdroid_20260219_221324.log
2026-02-19 22:13:24  INFO      GIFdroid started
2026-02-19 22:13:24  INFO        --video    : app_PortAuthority/app_PortAuthority.mp4
2026-02-19 22:13:24  INFO        --utg      : app_PortAuthority/utg.json
2026-02-19 22:13:24  INFO        --artifact : app_PortAuthority/artifacts/
2026-02-19 22:13:24  INFO        --out      : app_PortAuthority/execution.json
2026-02-19 22:13:24  INFO        --log-dir  : logs
2026-02-19 22:13:24  INFO      ==================================================
2026-02-19 22:13:24  INFO      STEP 1: Keyframe Location
2026-02-19 22:13:24  INFO        Input video : app_PortAuthority/app_PortAuthority.mp4
2026-02-19 22:18:22  INFO        Keyframes found   : 7
2026-02-19 22:18:22  INFO        Keyframe indices  : [11, 40, 161, 286, 2962, 3000, 3049]
2026-02-19 22:18:22  INFO        Duration          : 298.66s
2026-02-19 22:18:22  INFO      ==================================================
2026-02-19 22:18:22  INFO      STEP 2: GUI Mapping
2026-02-19 22:18:22  INFO        Screenshots dir : app_PortAuthority/artifacts/
2026-02-19 22:18:53  INFO        Mapped index sequence : [8, 8, 29, 29, 6, 6, 6]
2026-02-19 22:18:53  INFO        Duration              : 30.26s
2026-02-19 22:18:53  INFO      ==================================================
2026-02-19 22:18:53  INFO      STEP 3: Find Execution Trace
2026-02-19 22:18:53  INFO        UTG file : app_PortAuthority/utg.json
2026-02-19 22:18:53  INFO        Candidate traces found : 1
2026-02-19 22:18:53  INFO          Trace 0: [0, 1, 2, 3, 18, 23, 29, 30, 31, 33, 6]
2026-02-19 22:18:53  INFO        Duration : 0.03s
2026-02-19 22:18:53  INFO      ==================================================
2026-02-19 22:18:53  INFO      STEP 4: Store Execution Trace
2026-02-19 22:18:53  INFO      Execution trace written to: app_PortAuthority/execution.json
2026-02-19 22:18:53  INFO        Duration : 0.00s
2026-02-19 22:18:53  INFO      ==================================================
2026-02-19 22:18:53  INFO      Pipeline complete.  Total time: 328.96s
2026-02-19 22:18:53  INFO      ==================================================
