2026-02-19 22:19:28  INFO      Log file: logs/gifdroid_20260219_221928.log
2026-02-19 22:19:28  INFO      GIFdroid started
2026-02-19 22:19:28  INFO        --video    : app_SimpleNotes/app_SimpleNotes.mp4
2026-02-19 22:19:28  INFO        --utg      : app_SimpleNotes/utg.json
2026-02-19 22:19:28  INFO        --artifact : app_SimpleNotes/artifacts/
2026-02-19 22:19:28  INFO        --out      : app_SimpleNotes/execution.json
2026-02-19 22:19:28  INFO        --log-dir  : logs
2026-02-19 22:19:28  INFO      ==================================================
2026-02-19 22:19:28  INFO      STEP 1: Keyframe Location
2026-02-19 22:19:28  INFO        Input video : app_SimpleNotes/app_SimpleNotes.mp4
2026-02-19 22:20:14  INFO        Keyframes found   : 7
2026-02-19 22:20:14  INFO        Keyframe indices  : [10, 46, 76, 337, 343, 450, 472]
2026-02-19 22:20:14  INFO        Duration          : 46.02s
2026-02-19 22:20:14  INFO      ==================================================
2026-02-19 22:20:14  INFO      STEP 2: GUI Mapping
2026-02-19 22:20:14  INFO        Screenshots dir : app_SimpleNotes/artifacts/
2026-02-19 22:20:50  INFO        Mapped index sequence : [45, 1, 1, 6, 4, 1, 1]
2026-02-19 22:20:50  INFO        Duration              : 35.46s
2026-02-19 22:20:50  INFO      ==================================================
2026-02-19 22:20:50  INFO      STEP 3: Find Execution Trace
2026-02-19 22:20:50  INFO        UTG file : app_SimpleNotes/utg.json
2026-02-19 22:20:50  INFO        Candidate traces found : 1
2026-02-19 22:20:50  INFO          Trace 0: [0, 1]
2026-02-19 22:20:50  INFO        Duration : 0.00s
2026-02-19 22:20:50  INFO      ==================================================
2026-02-19 22:20:50  INFO      STEP 4: Store Execution Trace
2026-02-19 22:20:50  INFO      Execution trace written to: app_SimpleNotes/execution.json
2026-02-19 22:20:50  INFO        Duration : 0.00s
2026-02-19 22:20:50  INFO      ==================================================
2026-02-19 22:20:50  INFO      Pipeline complete.  Total time: 81.48s
2026-02-19 22:20:50  INFO      ==================================================
