2026-02-13 00:15:42,205 [INFO] GIFdroid Reproduction - Firebase Robo Test Runner
2026-02-13 00:15:42,205 [INFO] Project root: /Users/tanmaybhuskute/Documents/gifdroid-reproduction
2026-02-13 00:15:42,205 [INFO] APKs directory: /Users/tanmaybhuskute/Documents/gifdroid-reproduction/apps
2026-02-13 00:15:42,205 [INFO] Log file: /Users/tanmaybhuskute/Documents/gifdroid-reproduction/logs/run_20260213_001542.log
2026-02-13 00:15:42,205 [INFO] 
============================================================
2026-02-13 00:15:42,205 [INFO] PHASE 5: Organizing Results
2026-02-13 00:15:42,205 [INFO] ============================================================
2026-02-13 00:15:42,205 [INFO] 
  [AntennaPod] Organizing into /Users/tanmaybhuskute/Documents/gifdroid-reproduction/app_AntennaPod/
2026-02-13 00:15:42,206 [WARNING]     WARNING: No UTG JSON found. Available JSON files:
2026-02-13 00:15:42,206 [INFO]     PNG screenshots: 0
2026-02-13 00:15:42,206 [INFO]     utg.json present: False
2026-02-13 00:15:42,206 [INFO] 
  [DeadHash] Organizing into /Users/tanmaybhuskute/Documents/gifdroid-reproduction/app_DeadHash/
2026-02-13 00:15:42,206 [WARNING]     WARNING: No UTG JSON found. Available JSON files:
2026-02-13 00:15:42,206 [INFO]     PNG screenshots: 0
2026-02-13 00:15:42,206 [INFO]     utg.json present: False
2026-02-13 00:15:42,206 [INFO] 
  [SimpleNotes] Organizing into /Users/tanmaybhuskute/Documents/gifdroid-reproduction/app_SimpleNotes/
2026-02-13 00:15:42,207 [INFO]     Copied actions.json -> utg.json
2026-02-13 00:15:42,210 [INFO]     PNG screenshots: 12
2026-02-13 00:15:42,210 [INFO]     utg.json present: True
2026-02-13 00:15:42,210 [INFO] 
  [PortAuthority] Organizing into /Users/tanmaybhuskute/Documents/gifdroid-reproduction/app_PortAuthority/
2026-02-13 00:15:42,210 [INFO]     Copied actions.json -> utg.json
2026-02-13 00:15:42,216 [INFO]     PNG screenshots: 20
2026-02-13 00:15:42,216 [INFO]     utg.json present: True
2026-02-13 00:15:42,216 [INFO] 
  [KimaiTimeTracker] Organizing into /Users/tanmaybhuskute/Documents/gifdroid-reproduction/app_KimaiTimeTracker/
2026-02-13 00:15:42,217 [INFO]     Copied actions.json -> utg.json
2026-02-13 00:15:42,222 [INFO]     PNG screenshots: 18
2026-02-13 00:15:42,222 [INFO]     utg.json present: True
2026-02-13 00:15:42,222 [INFO] 
  Phase 5 complete. App directories created in project root.
